app/build/outputs/logs/manifest-merger-release-report.txt
-- Merging decision tree log ---
manifest
ADDED from src\main\AndroidManifest.xml:2:1-74:12
INJECTED from src\main\AndroidManifest.xml:2:1-74:12
INJECTED from src\main\AndroidManifest.xml:2:1-74:12
INJECTED from src\main\AndroidManifest.xml:2:1-74:12
MERGED from [com.android.databinding:adapters:1.3.1] AndroidManifest.xml:17:1-26:12
MERGED from [com.android.databinding:library:1.3.1] AndroidManifest.xml:17:1-26:12
MERGED from [com.android.support:design:26.1.0] AndroidManifest.xml:17:1-31:12
MERGED from [com.github.LuckSiege.PictureSelector:picture_library:v2.1.7] AndroidManifest.xml:2:1-70:12
MERGED from [com.github.LuckSiege.PictureSelector:ucrop:v2.1.7] AndroidManifest.xml:2:1-12:12
MERGED from [com.android.support:appcompat-v7:26.1.0] AndroidManifest.xml:17:1-31:12
MERGED from [io.reactivex:rxandroid:1.1.0] AndroidManifest.xml:15:1-21:12
MERGED from [com.apkfuns.logutils:library:1.4.2] AndroidManifest.xml:2:1-14:12
MERGED from [com.android.support.constraint:constraint-layout:1.0.2] AndroidManifest.xml:2:1-11:12
MERGED from [com.flyco.tablayout:FlycoTabLayout_Lib:2.0.8] AndroidManifest.xml:2:1-16:12
MERGED from [com.android.support:cardview-v7:26.1.0] AndroidManifest.xml:17:1-28:12
MERGED from [de.hdodenhof:circleimageview:2.2.0] AndroidManifest.xml:2:1-11:12
MERGED from [:library] AndroidManifest.xml:2:1-10:12
MERGED from [com.facebook.fresco:fresco:1.5.0] AndroidManifest.xml:2:1-9:12
MERGED from [com.android.support:transition:26.1.0] AndroidManifest.xml:17:1-28:12
MERGED from [com.android.support:support-v4:26.1.0] AndroidManifest.xml:17:1-31:12
MERGED from [com.android.support:animated-vector-drawable:26.1.0] AndroidManifest.xml:17:1-28:12
MERGED from [com.android.support:support-vector-drawable:26.1.0] AndroidManifest.xml:17:1-28:12
MERGED from [com.android.support:recyclerview-v7:26.1.0] AndroidManifest.xml:17:1-28:12
MERGED from [com.android.support:support-media-compat:26.1.0] AndroidManifest.xml:17:1-31:12
MERGED from [com.android.support:support-fragment:26.1.0] AndroidManifest.xml:17:1-31:12
MERGED from [com.android.support:support-core-utils:26.1.0] AndroidManifest.xml:17:1-31:12
MERGED from [com.android.support:support-core-ui:26.1.0] AndroidManifest.xml:17:1-31:12
MERGED from [com.android.support:support-compat:26.1.0] AndroidManifest.xml:17:1-31:12
MERGED from [io.reactivex.rxjava2:rxandroid:2.0.1] AndroidManifest.xml:15:1-21:12
MERGED from [com.facebook.fresco:drawee:1.5.0] AndroidManifest.xml:2:1-9:12
MERGED from [com.facebook.fresco:imagepipeline:1.5.0] AndroidManifest.xml:2:1-9:12
MERGED from [com.facebook.fresco:imagepipeline-base:1.5.0] AndroidManifest.xml:2:1-9:12
MERGED from [com.facebook.fresco:fbcore:1.5.0] AndroidManifest.xml:2:1-9:12
MERGED from [android.arch.lifecycle:runtime:1.0.0] AndroidManifest.xml:17:1-30:12
INJECTED from src\main\AndroidManifest.xml:2:1-74:12
INJECTED from src\main\AndroidManifest.xml:2:1-74:12
INJECTED from src\main\AndroidManifest.xml:2:1-74:12
	package
		ADDED from src\main\AndroidManifest.xml:3:5-43
		INJECTED from src\main\AndroidManifest.xml
		INJECTED from src\main\AndroidManifest.xml
	android:versionName
		INJECTED from src\main\AndroidManifest.xml
		ADDED from src\main\AndroidManifest.xml:2:1-74:12
		INJECTED from src\main\AndroidManifest.xml
	android:versionCode
		INJECTED from src\main\AndroidManifest.xml
		ADDED from src\main\AndroidManifest.xml:2:1-74:12
		INJECTED from src\main\AndroidManifest.xml
	xmlns:android
		ADDED from src\main\AndroidManifest.xml:2:11-69
uses-permission#android.permission.INTERNET
ADDED from src\main\AndroidManifest.xml:5:5-67
MERGED from [com.github.LuckSiege.PictureSelector:picture_library:v2.1.7] AndroidManifest.xml:15:5-67
MERGED from [com.github.LuckSiege.PictureSelector:picture_library:v2.1.7] AndroidManifest.xml:15:5-67
	android:name
		ADDED from src\main\AndroidManifest.xml:5:22-64
uses-permission#android.permission.READ_EXTERNAL_STORAGE
ADDED from src\main\AndroidManifest.xml:6:5-80
MERGED from [com.github.LuckSiege.PictureSelector:picture_library:v2.1.7] AndroidManifest.xml:11:5-80
MERGED from [com.github.LuckSiege.PictureSelector:picture_library:v2.1.7] AndroidManifest.xml:11:5-80
	android:name
		ADDED from src\main\AndroidManifest.xml:6:22-77
uses-permission#android.permission.WRITE_EXTERNAL_STORAGE
ADDED from src\main\AndroidManifest.xml:7:5-81
MERGED from [com.github.LuckSiege.PictureSelector:picture_library:v2.1.7] AndroidManifest.xml:12:5-81
MERGED from [com.github.LuckSiege.PictureSelector:picture_library:v2.1.7] AndroidManifest.xml:12:5-81
	android:name
		ADDED from src\main\AndroidManifest.xml:7:22-78
uses-permission#android.permission.MOUNT_UNMOUNT_FILESYSTEMS
ADDED from src\main\AndroidManifest.xml:8:5-84
MERGED from [com.github.LuckSiege.PictureSelector:picture_library:v2.1.7] AndroidManifest.xml:14:5-84
MERGED from [com.github.LuckSiege.PictureSelector:picture_library:v2.1.7] AndroidManifest.xml:14:5-84
	android:name
		ADDED from src\main\AndroidManifest.xml:8:22-81
uses-permission#android.permission.ACCESS_NETWORK_STATE
ADDED from src\main\AndroidManifest.xml:9:5-79
MERGED from [com.github.LuckSiege.PictureSelector:picture_library:v2.1.7] AndroidManifest.xml:19:5-79
MERGED from [com.github.LuckSiege.PictureSelector:picture_library:v2.1.7] AndroidManifest.xml:19:5-79
	android:name
		ADDED from src\main\AndroidManifest.xml:9:22-76
uses-permission#android.permission.ACCESS_WIFI_STATE
ADDED from src\main\AndroidManifest.xml:10:5-76
MERGED from [com.github.LuckSiege.PictureSelector:picture_library:v2.1.7] AndroidManifest.xml:17:5-76
MERGED from [com.github.LuckSiege.PictureSelector:picture_library:v2.1.7] AndroidManifest.xml:17:5-76
	android:name
		ADDED from src\main\AndroidManifest.xml:10:22-73
uses-permission#android.permission.READ_PHONE_STATE
ADDED from src\main\AndroidManifest.xml:11:5-75
	android:name
		ADDED from src\main\AndroidManifest.xml:11:22-72
uses-permission#android.permission.CHANGE_WIFI_STATE
ADDED from src\main\AndroidManifest.xml:12:5-76
	android:name
		ADDED from src\main\AndroidManifest.xml:12:22-73
uses-permission#android.permission.CALL_PHONE
ADDED from src\main\AndroidManifest.xml:13:5-69
	android:name
		ADDED from src\main\AndroidManifest.xml:13:22-66
uses-permission#android.permission.CAMERA
ADDED from src\main\AndroidManifest.xml:14:5-65
MERGED from [com.github.LuckSiege.PictureSelector:picture_library:v2.1.7] AndroidManifest.xml:13:5-65
MERGED from [com.github.LuckSiege.PictureSelector:picture_library:v2.1.7] AndroidManifest.xml:13:5-65
	android:name
		ADDED from src\main\AndroidManifest.xml:14:22-62
uses-permission#android.permission.ACCESS_FINE_LOCATION
ADDED from src\main\AndroidManifest.xml:16:5-79
	android:name
		ADDED from src\main\AndroidManifest.xml:16:22-76
uses-permission#android.permission.ACCESS_COARSE_LOCATION
ADDED from src\main\AndroidManifest.xml:17:5-81
	android:name
		ADDED from src\main\AndroidManifest.xml:17:22-78
uses-permission#android.permission.ACCESS_LOCATION_EXTRA_COMMANDS
ADDED from src\main\AndroidManifest.xml:18:5-89
	android:name
		ADDED from src\main\AndroidManifest.xml:18:22-86
uses-permission#android.permission.READ_LOGS
ADDED from src\main\AndroidManifest.xml:19:5-68
	android:name
		ADDED from src\main\AndroidManifest.xml:19:22-65
application
ADDED from src\main\AndroidManifest.xml:21:5-72:19
MERGED from [com.android.support:design:26.1.0] AndroidManifest.xml:25:5-29:19
MERGED from [com.android.support:design:26.1.0] AndroidManifest.xml:25:5-29:19
MERGED from [com.github.LuckSiege.PictureSelector:picture_library:v2.1.7] AndroidManifest.xml:22:5-68:19
MERGED from [com.github.LuckSiege.PictureSelector:picture_library:v2.1.7] AndroidManifest.xml:22:5-68:19
MERGED from [com.android.support:appcompat-v7:26.1.0] AndroidManifest.xml:25:5-29:19
MERGED from [com.android.support:appcompat-v7:26.1.0] AndroidManifest.xml:25:5-29:19
MERGED from [com.apkfuns.logutils:library:1.4.2] AndroidManifest.xml:11:5-12:19
MERGED from [com.apkfuns.logutils:library:1.4.2] AndroidManifest.xml:11:5-12:19
MERGED from [com.android.support.constraint:constraint-layout:1.0.2] AndroidManifest.xml:9:5-20
MERGED from [com.android.support.constraint:constraint-layout:1.0.2] AndroidManifest.xml:9:5-20
MERGED from [com.flyco.tablayout:FlycoTabLayout_Lib:2.0.8] AndroidManifest.xml:11:5-14:19
MERGED from [com.flyco.tablayout:FlycoTabLayout_Lib:2.0.8] AndroidManifest.xml:11:5-14:19
MERGED from [com.android.support:cardview-v7:26.1.0] AndroidManifest.xml:22:5-26:19
MERGED from [com.android.support:cardview-v7:26.1.0] AndroidManifest.xml:22:5-26:19
MERGED from [de.hdodenhof:circleimageview:2.2.0] AndroidManifest.xml:9:5-20
MERGED from [de.hdodenhof:circleimageview:2.2.0] AndroidManifest.xml:9:5-20
MERGED from [com.android.support:transition:26.1.0] AndroidManifest.xml:22:5-26:19
MERGED from [com.android.support:transition:26.1.0] AndroidManifest.xml:22:5-26:19
MERGED from [com.android.support:support-v4:26.1.0] AndroidManifest.xml:25:5-29:19
MERGED from [com.android.support:support-v4:26.1.0] AndroidManifest.xml:25:5-29:19
MERGED from [com.android.support:animated-vector-drawable:26.1.0] AndroidManifest.xml:22:5-26:19
MERGED from [com.android.support:animated-vector-drawable:26.1.0] AndroidManifest.xml:22:5-26:19
MERGED from [com.android.support:support-vector-drawable:26.1.0] AndroidManifest.xml:22:5-26:19
MERGED from [com.android.support:support-vector-drawable:26.1.0] AndroidManifest.xml:22:5-26:19
MERGED from [com.android.support:recyclerview-v7:26.1.0] AndroidManifest.xml:22:5-26:19
MERGED from [com.android.support:recyclerview-v7:26.1.0] AndroidManifest.xml:22:5-26:19
MERGED from [com.android.support:support-media-compat:26.1.0] AndroidManifest.xml:25:5-29:19
MERGED from [com.android.support:support-media-compat:26.1.0] AndroidManifest.xml:25:5-29:19
MERGED from [com.android.support:support-fragment:26.1.0] AndroidManifest.xml:25:5-29:19
MERGED from [com.android.support:support-fragment:26.1.0] AndroidManifest.xml:25:5-29:19
MERGED from [com.android.support:support-core-utils:26.1.0] AndroidManifest.xml:25:5-29:19
MERGED from [com.android.support:support-core-utils:26.1.0] AndroidManifest.xml:25:5-29:19
MERGED from [com.android.support:support-core-ui:26.1.0] AndroidManifest.xml:25:5-29:19
MERGED from [com.android.support:support-core-ui:26.1.0] AndroidManifest.xml:25:5-29:19
MERGED from [com.android.support:support-compat:26.1.0] AndroidManifest.xml:25:5-29:19
MERGED from [com.android.support:support-compat:26.1.0] AndroidManifest.xml:25:5-29:19
MERGED from [android.arch.lifecycle:runtime:1.0.0] AndroidManifest.xml:24:5-28:19
MERGED from [android.arch.lifecycle:runtime:1.0.0] AndroidManifest.xml:24:5-28:19
	android:screenOrientation
		ADDED from src\main\AndroidManifest.xml:27:9-45
	android:supportsRtl
		ADDED from src\main\AndroidManifest.xml:26:9-35
	android:label
		ADDED from src\main\AndroidManifest.xml:25:9-41
	android:configChanges
		ADDED from src\main\AndroidManifest.xml:28:9-70
	android:icon
		ADDED from src\main\AndroidManifest.xml:24:9-43
	android:allowBackup
		ADDED from src\main\AndroidManifest.xml:23:9-35
	android:theme
		ADDED from src\main\AndroidManifest.xml:29:9-40
	android:name
		ADDED from src\main\AndroidManifest.xml:22:9-41
activity#com.guoyie.www.delivery.easy.activity.LoadingActivity
ADDED from src\main\AndroidManifest.xml:30:9-36:20
	android:name
		ADDED from src\main\AndroidManifest.xml:30:19-59
intent-filter#android.intent.action.MAIN+android.intent.category.LAUNCHER
ADDED from src\main\AndroidManifest.xml:31:13-35:29
action#android.intent.action.MAIN
ADDED from src\main\AndroidManifest.xml:32:17-69
	android:name
		ADDED from src\main\AndroidManifest.xml:32:25-66
category#android.intent.category.LAUNCHER
ADDED from src\main\AndroidManifest.xml:34:17-77
	android:name
		ADDED from src\main\AndroidManifest.xml:34:27-74
activity#com.guoyie.www.delivery.easy.activity.MainActivity
ADDED from src\main\AndroidManifest.xml:38:9-59
	android:name
		ADDED from src\main\AndroidManifest.xml:38:19-56
activity#com.guoyie.www.delivery.easy.activity.GuideActivity
ADDED from src\main\AndroidManifest.xml:39:9-60
	android:name
		ADDED from src\main\AndroidManifest.xml:39:19-57
activity#com.guoyie.www.delivery.easy.activity.LoginActivity
ADDED from src\main\AndroidManifest.xml:40:9-60
	android:name
		ADDED from src\main\AndroidManifest.xml:40:19-57
activity#com.guoyie.www.delivery.easy.activity.InterOrderActivity
ADDED from src\main\AndroidManifest.xml:41:9-65
	android:name
		ADDED from src\main\AndroidManifest.xml:41:19-62
activity#com.guoyie.www.delivery.easy.activity.InfoOrderActivity
ADDED from src\main\AndroidManifest.xml:42:9-64
	android:name
		ADDED from src\main\AndroidManifest.xml:42:19-61
activity#com.guoyie.www.delivery.easy.activity.TransTormorderActivity
ADDED from src\main\AndroidManifest.xml:43:9-69
	android:name
		ADDED from src\main\AndroidManifest.xml:43:19-66
activity#com.guoyie.www.delivery.easy.activity.OuterOrderActivity
ADDED from src\main\AndroidManifest.xml:44:9-65
	android:name
		ADDED from src\main\AndroidManifest.xml:44:19-62
activity#com.guoyie.www.delivery.easy.activity.RegisterActivity
ADDED from src\main\AndroidManifest.xml:45:9-63
	android:name
		ADDED from src\main\AndroidManifest.xml:45:19-60
activity#com.guoyie.www.delivery.easy.activity.InterDetailActivity
ADDED from src\main\AndroidManifest.xml:46:9-66
	android:name
		ADDED from src\main\AndroidManifest.xml:46:19-63
activity#com.guoyie.www.delivery.easy.activity.EditOrderActivity
ADDED from src\main\AndroidManifest.xml:47:9-49:55
	android:windowSoftInputMode
		ADDED from src\main\AndroidManifest.xml:49:13-52
	android:name
		ADDED from src\main\AndroidManifest.xml:48:13-55
activity#com.guoyie.www.delivery.easy.activity.AddOrderDetailActivity
ADDED from src\main\AndroidManifest.xml:50:9-52:55
	android:windowSoftInputMode
		ADDED from src\main\AndroidManifest.xml:52:13-52
	android:name
		ADDED from src\main\AndroidManifest.xml:51:13-60
activity#com.guoyie.www.delivery.easy.activity.UserBasicInfoActivity
ADDED from src\main\AndroidManifest.xml:53:9-68
	android:name
		ADDED from src\main\AndroidManifest.xml:53:19-65
activity#com.guoyie.www.delivery.easy.activity.StoreFilterActivity
ADDED from src\main\AndroidManifest.xml:54:9-66
	android:name
		ADDED from src\main\AndroidManifest.xml:54:19-63
activity#com.guoyie.www.delivery.easy.activity.StoreDetailActivity
ADDED from src\main\AndroidManifest.xml:55:9-66
	android:name
		ADDED from src\main\AndroidManifest.xml:55:19-63
activity#com.guoyie.www.delivery.easy.activity.SeachActivity
ADDED from src\main\AndroidManifest.xml:57:9-60
	android:name
		ADDED from src\main\AndroidManifest.xml:57:19-57
activity#com.guoyie.www.delivery.easy.activity.StoreManagerActivity
ADDED from src\main\AndroidManifest.xml:58:9-67
	android:name
		ADDED from src\main\AndroidManifest.xml:58:19-64
activity#com.guoyie.www.delivery.easy.activity.StoreCapacityManagerActivity
ADDED from src\main\AndroidManifest.xml:59:9-75
	android:name
		ADDED from src\main\AndroidManifest.xml:59:19-72
activity#com.guoyie.www.delivery.easy.activity.InfoOrderDetailActivity
ADDED from src\main\AndroidManifest.xml:60:9-70
	android:name
		ADDED from src\main\AndroidManifest.xml:60:19-67
activity#com.guoyie.www.delivery.easy.activity.TransTormDetailActivity
ADDED from src\main\AndroidManifest.xml:61:9-70
	android:name
		ADDED from src\main\AndroidManifest.xml:61:19-67
activity#com.guoyie.www.delivery.easy.activity.CapacityFilterActivity
ADDED from src\main\AndroidManifest.xml:62:9-69
	android:name
		ADDED from src\main\AndroidManifest.xml:62:19-66
activity#com.guoyie.www.delivery.easy.activity.OuterDetailActivity
ADDED from src\main\AndroidManifest.xml:63:9-66
	android:name
		ADDED from src\main\AndroidManifest.xml:63:19-63
activity#com.guoyie.www.delivery.easy.activity.CAActivity
ADDED from src\main\AndroidManifest.xml:64:9-57
	android:name
		ADDED from src\main\AndroidManifest.xml:64:19-54
activity#com.guoyie.www.delivery.easy.activity.AboutActivity
ADDED from src\main\AndroidManifest.xml:66:9-69
	android:name
		ADDED from src\main\AndroidManifest.xml:66:19-57
meta-data#UMENG_APPKEY
ADDED from src\main\AndroidManifest.xml:69:9-71:55
	android:value
		ADDED from src\main\AndroidManifest.xml:71:13-53
	android:name
		ADDED from src\main\AndroidManifest.xml:70:13-40
uses-sdk
INJECTED from src\main\AndroidManifest.xml reason: use-sdk injection requested
INJECTED from src\main\AndroidManifest.xml
INJECTED from src\main\AndroidManifest.xml
MERGED from [com.android.databinding:adapters:1.3.1] AndroidManifest.xml:22:5-24:41
MERGED from [com.android.databinding:adapters:1.3.1] AndroidManifest.xml:22:5-24:41
MERGED from [com.android.databinding:library:1.3.1] AndroidManifest.xml:22:5-24:41
MERGED from [com.android.databinding:library:1.3.1] AndroidManifest.xml:22:5-24:41
MERGED from [com.android.support:design:26.1.0] AndroidManifest.xml:21:5-23:62
MERGED from [com.android.support:design:26.1.0] AndroidManifest.xml:21:5-23:62
MERGED from [com.github.LuckSiege.PictureSelector:picture_library:v2.1.7] AndroidManifest.xml:7:5-9:41
MERGED from [com.github.LuckSiege.PictureSelector:picture_library:v2.1.7] AndroidManifest.xml:7:5-9:41
MERGED from [com.github.LuckSiege.PictureSelector:ucrop:v2.1.7] AndroidManifest.xml:8:5-10:41
MERGED from [com.github.LuckSiege.PictureSelector:ucrop:v2.1.7] AndroidManifest.xml:8:5-10:41
MERGED from [com.android.support:appcompat-v7:26.1.0] AndroidManifest.xml:21:5-23:78
MERGED from [com.android.support:appcompat-v7:26.1.0] AndroidManifest.xml:21:5-23:78
MERGED from [io.reactivex:rxandroid:1.1.0] AndroidManifest.xml:19:5-43
MERGED from [io.reactivex:rxandroid:1.1.0] AndroidManifest.xml:19:5-43
MERGED from [com.apkfuns.logutils:library:1.4.2] AndroidManifest.xml:7:5-9:41
MERGED from [com.apkfuns.logutils:library:1.4.2] AndroidManifest.xml:7:5-9:41
MERGED from [com.android.support.constraint:constraint-layout:1.0.2] AndroidManifest.xml:5:5-7:41
MERGED from [com.android.support.constraint:constraint-layout:1.0.2] AndroidManifest.xml:5:5-7:41
MERGED from [com.flyco.tablayout:FlycoTabLayout_Lib:2.0.8] AndroidManifest.xml:7:5-9:41
MERGED from [com.flyco.tablayout:FlycoTabLayout_Lib:2.0.8] AndroidManifest.xml:7:5-9:41
MERGED from [com.android.support:cardview-v7:26.1.0] AndroidManifest.xml:20:5-44
MERGED from [com.android.support:cardview-v7:26.1.0] AndroidManifest.xml:20:5-44
MERGED from [de.hdodenhof:circleimageview:2.2.0] AndroidManifest.xml:5:5-7:41
MERGED from [de.hdodenhof:circleimageview:2.2.0] AndroidManifest.xml:5:5-7:41
MERGED from [:library] AndroidManifest.xml:6:5-8:41
MERGED from [:library] AndroidManifest.xml:6:5-8:41
MERGED from [com.facebook.fresco:fresco:1.5.0] AndroidManifest.xml:5:5-7:41
MERGED from [com.facebook.fresco:fresco:1.5.0] AndroidManifest.xml:5:5-7:41
MERGED from [com.android.support:transition:26.1.0] AndroidManifest.xml:20:5-44
MERGED from [com.android.support:transition:26.1.0] AndroidManifest.xml:20:5-44
MERGED from [com.android.support:support-v4:26.1.0] AndroidManifest.xml:21:5-23:54
MERGED from [com.android.support:support-v4:26.1.0] AndroidManifest.xml:21:5-23:54
MERGED from [com.android.support:animated-vector-drawable:26.1.0] AndroidManifest.xml:20:5-44
MERGED from [com.android.support:animated-vector-drawable:26.1.0] AndroidManifest.xml:20:5-44
MERGED from [com.android.support:support-vector-drawable:26.1.0] AndroidManifest.xml:20:5-44
MERGED from [com.android.support:support-vector-drawable:26.1.0] AndroidManifest.xml:20:5-44
MERGED from [com.android.support:recyclerview-v7:26.1.0] AndroidManifest.xml:20:5-44
MERGED from [com.android.support:recyclerview-v7:26.1.0] AndroidManifest.xml:20:5-44
MERGED from [com.android.support:support-media-compat:26.1.0] AndroidManifest.xml:21:5-23:63
MERGED from [com.android.support:support-media-compat:26.1.0] AndroidManifest.xml:21:5-23:63
MERGED from [com.android.support:support-fragment:26.1.0] AndroidManifest.xml:21:5-23:60
MERGED from [com.android.support:support-fragment:26.1.0] AndroidManifest.xml:21:5-23:60
MERGED from [com.android.support:support-core-utils:26.1.0] AndroidManifest.xml:21:5-23:61
MERGED from [com.android.support:support-core-utils:26.1.0] AndroidManifest.xml:21:5-23:61
MERGED from [com.android.support:support-core-ui:26.1.0] AndroidManifest.xml:21:5-23:58
MERGED from [com.android.support:support-core-ui:26.1.0] AndroidManifest.xml:21:5-23:58
MERGED from [com.android.support:support-compat:26.1.0] AndroidManifest.xml:21:5-23:58
MERGED from [com.android.support:support-compat:26.1.0] AndroidManifest.xml:21:5-23:58
MERGED from [io.reactivex.rxjava2:rxandroid:2.0.1] AndroidManifest.xml:19:5-43
MERGED from [io.reactivex.rxjava2:rxandroid:2.0.1] AndroidManifest.xml:19:5-43
MERGED from [com.facebook.fresco:drawee:1.5.0] AndroidManifest.xml:5:5-7:41
MERGED from [com.facebook.fresco:drawee:1.5.0] AndroidManifest.xml:5:5-7:41
MERGED from [com.facebook.fresco:imagepipeline:1.5.0] AndroidManifest.xml:5:5-7:41
MERGED from [com.facebook.fresco:imagepipeline:1.5.0] AndroidManifest.xml:5:5-7:41
MERGED from [com.facebook.fresco:imagepipeline-base:1.5.0] AndroidManifest.xml:5:5-7:41
MERGED from [com.facebook.fresco:imagepipeline-base:1.5.0] AndroidManifest.xml:5:5-7:41
MERGED from [com.facebook.fresco:fbcore:1.5.0] AndroidManifest.xml:5:5-7:41
MERGED from [com.facebook.fresco:fbcore:1.5.0] AndroidManifest.xml:5:5-7:41
MERGED from [android.arch.lifecycle:runtime:1.0.0] AndroidManifest.xml:20:5-22:41
MERGED from [android.arch.lifecycle:runtime:1.0.0] AndroidManifest.xml:20:5-22:41
INJECTED from src\main\AndroidManifest.xml
INJECTED from src\main\AndroidManifest.xml
	tools:overrideLibrary
		ADDED from [com.android.support:design:26.1.0] AndroidManifest.xml:23:9-59
	android:targetSdkVersion
		INJECTED from src\main\AndroidManifest.xml
		ADDED from src\main\AndroidManifest.xml
		INJECTED from src\main\AndroidManifest.xml
	android:minSdkVersion
		INJECTED from src\main\AndroidManifest.xml
		ADDED from src\main\AndroidManifest.xml
		INJECTED from src\main\AndroidManifest.xml
meta-data#android.support.VERSION
ADDED from [com.android.support:design:26.1.0] AndroidManifest.xml:26:9-28:38
MERGED from [com.android.support:appcompat-v7:26.1.0] AndroidManifest.xml:26:9-28:38
MERGED from [com.android.support:appcompat-v7:26.1.0] AndroidManifest.xml:26:9-28:38
MERGED from [com.android.support:cardview-v7:26.1.0] AndroidManifest.xml:23:9-25:38
MERGED from [com.android.support:cardview-v7:26.1.0] AndroidManifest.xml:23:9-25:38
MERGED from [com.android.support:transition:26.1.0] AndroidManifest.xml:23:9-25:38
MERGED from [com.android.support:transition:26.1.0] AndroidManifest.xml:23:9-25:38
MERGED from [com.android.support:support-v4:26.1.0] AndroidManifest.xml:26:9-28:38
MERGED from [com.android.support:support-v4:26.1.0] AndroidManifest.xml:26:9-28:38
MERGED from [com.android.support:animated-vector-drawable:26.1.0] AndroidManifest.xml:23:9-25:38
MERGED from [com.android.support:animated-vector-drawable:26.1.0] AndroidManifest.xml:23:9-25:38
MERGED from [com.android.support:support-vector-drawable:26.1.0] AndroidManifest.xml:23:9-25:38
MERGED from [com.android.support:support-vector-drawable:26.1.0] AndroidManifest.xml:23:9-25:38
MERGED from [com.android.support:recyclerview-v7:26.1.0] AndroidManifest.xml:23:9-25:38
MERGED from [com.android.support:recyclerview-v7:26.1.0] AndroidManifest.xml:23:9-25:38
MERGED from [com.android.support:support-media-compat:26.1.0] AndroidManifest.xml:26:9-28:38
MERGED from [com.android.support:support-media-compat:26.1.0] AndroidManifest.xml:26:9-28:38
MERGED from [com.android.support:support-fragment:26.1.0] AndroidManifest.xml:26:9-28:38
MERGED from [com.android.support:support-fragment:26.1.0] AndroidManifest.xml:26:9-28:38
MERGED from [com.android.support:support-core-utils:26.1.0] AndroidManifest.xml:26:9-28:38
MERGED from [com.android.support:support-core-utils:26.1.0] AndroidManifest.xml:26:9-28:38
MERGED from [com.android.support:support-core-ui:26.1.0] AndroidManifest.xml:26:9-28:38
MERGED from [com.android.support:support-core-ui:26.1.0] AndroidManifest.xml:26:9-28:38
MERGED from [com.android.support:support-compat:26.1.0] AndroidManifest.xml:26:9-28:38
MERGED from [com.android.support:support-compat:26.1.0] AndroidManifest.xml:26:9-28:38
	android:value
		ADDED from [com.android.support:design:26.1.0] AndroidManifest.xml:28:13-35
	android:name
		ADDED from [com.android.support:design:26.1.0] AndroidManifest.xml:27:13-51
uses-permission#android.permission.WRITE_SETTINGS
ADDED from [com.github.LuckSiege.PictureSelector:picture_library:v2.1.7] AndroidManifest.xml:16:5-73
	android:name
		ADDED from [com.github.LuckSiege.PictureSelector:picture_library:v2.1.7] AndroidManifest.xml:16:22-70
uses-permission#android.permission.WRITE_MEDIA_STORAGE
ADDED from [com.github.LuckSiege.PictureSelector:picture_library:v2.1.7] AndroidManifest.xml:18:5-78
	android:name
		ADDED from [com.github.LuckSiege.PictureSelector:picture_library:v2.1.7] AndroidManifest.xml:18:22-75
uses-permission#android.permission.RECORD_AUDIO
ADDED from [com.github.LuckSiege.PictureSelector:picture_library:v2.1.7] AndroidManifest.xml:20:5-71
	android:name
		ADDED from [com.github.LuckSiege.PictureSelector:picture_library:v2.1.7] AndroidManifest.xml:20:22-68
provider#com.luck.picture.lib.PictureFileProvider
ADDED from [com.github.LuckSiege.PictureSelector:picture_library:v2.1.7] AndroidManifest.xml:25:9-33:20
	android:grantUriPermissions
		ADDED from [com.github.LuckSiege.PictureSelector:picture_library:v2.1.7] AndroidManifest.xml:29:13-47
	android:authorities
		ADDED from [com.github.LuckSiege.PictureSelector:picture_library:v2.1.7] AndroidManifest.xml:27:13-60
	android:exported
		ADDED from [com.github.LuckSiege.PictureSelector:picture_library:v2.1.7] AndroidManifest.xml:28:13-37
	android:name
		ADDED from [com.github.LuckSiege.PictureSelector:picture_library:v2.1.7] AndroidManifest.xml:26:13-68
meta-data#android.support.FILE_PROVIDER_PATHS
ADDED from [com.github.LuckSiege.PictureSelector:picture_library:v2.1.7] AndroidManifest.xml:30:13-32:54
	android:resource
		ADDED from [com.github.LuckSiege.PictureSelector:picture_library:v2.1.7] AndroidManifest.xml:32:17-51
	android:name
		ADDED from [com.github.LuckSiege.PictureSelector:picture_library:v2.1.7] AndroidManifest.xml:31:17-67
activity#com.luck.picture.lib.PictureSelectorActivity
ADDED from [com.github.LuckSiege.PictureSelector:picture_library:v2.1.7] AndroidManifest.xml:35:9-39:55
	android:screenOrientation
		ADDED from [com.github.LuckSiege.PictureSelector:picture_library:v2.1.7] AndroidManifest.xml:37:13-49
	android:windowSoftInputMode
		ADDED from [com.github.LuckSiege.PictureSelector:picture_library:v2.1.7] AndroidManifest.xml:39:13-52
	android:theme
		ADDED from [com.github.LuckSiege.PictureSelector:picture_library:v2.1.7] AndroidManifest.xml:38:13-50
	android:name
		ADDED from [com.github.LuckSiege.PictureSelector:picture_library:v2.1.7] AndroidManifest.xml:36:13-72
activity#com.luck.picture.lib.PictureBaseActivity
ADDED from [com.github.LuckSiege.PictureSelector:picture_library:v2.1.7] AndroidManifest.xml:40:9-42:52
	android:screenOrientation
		ADDED from [com.github.LuckSiege.PictureSelector:picture_library:v2.1.7] AndroidManifest.xml:42:13-49
	android:name
		ADDED from [com.github.LuckSiege.PictureSelector:picture_library:v2.1.7] AndroidManifest.xml:41:13-68
activity#com.luck.picture.lib.PicturePreviewActivity
ADDED from [com.github.LuckSiege.PictureSelector:picture_library:v2.1.7] AndroidManifest.xml:43:9-46:53
	android:screenOrientation
		ADDED from [com.github.LuckSiege.PictureSelector:picture_library:v2.1.7] AndroidManifest.xml:45:13-49
	android:theme
		ADDED from [com.github.LuckSiege.PictureSelector:picture_library:v2.1.7] AndroidManifest.xml:46:13-50
	android:name
		ADDED from [com.github.LuckSiege.PictureSelector:picture_library:v2.1.7] AndroidManifest.xml:44:13-71
activity#com.luck.picture.lib.PictureVideoPlayActivity
ADDED from [com.github.LuckSiege.PictureSelector:picture_library:v2.1.7] AndroidManifest.xml:47:9-51:53
	android:screenOrientation
		ADDED from [com.github.LuckSiege.PictureSelector:picture_library:v2.1.7] AndroidManifest.xml:50:13-47
	android:configChanges
		ADDED from [com.github.LuckSiege.PictureSelector:picture_library:v2.1.7] AndroidManifest.xml:49:13-74
	android:theme
		ADDED from [com.github.LuckSiege.PictureSelector:picture_library:v2.1.7] AndroidManifest.xml:51:13-50
	android:name
		ADDED from [com.github.LuckSiege.PictureSelector:picture_library:v2.1.7] AndroidManifest.xml:48:13-73
activity#com.luck.picture.lib.PictureExternalPreviewActivity
ADDED from [com.github.LuckSiege.PictureSelector:picture_library:v2.1.7] AndroidManifest.xml:52:9-55:53
	android:screenOrientation
		ADDED from [com.github.LuckSiege.PictureSelector:picture_library:v2.1.7] AndroidManifest.xml:54:13-49
	android:theme
		ADDED from [com.github.LuckSiege.PictureSelector:picture_library:v2.1.7] AndroidManifest.xml:55:13-50
	android:name
		ADDED from [com.github.LuckSiege.PictureSelector:picture_library:v2.1.7] AndroidManifest.xml:53:13-79
activity#com.yalantis.ucrop.UCropActivity
ADDED from [com.github.LuckSiege.PictureSelector:picture_library:v2.1.7] AndroidManifest.xml:56:9-59:72
	android:screenOrientation
		ADDED from [com.github.LuckSiege.PictureSelector:picture_library:v2.1.7] AndroidManifest.xml:58:13-49
	android:theme
		ADDED from [com.github.LuckSiege.PictureSelector:picture_library:v2.1.7] AndroidManifest.xml:59:13-69
	android:name
		ADDED from [com.github.LuckSiege.PictureSelector:picture_library:v2.1.7] AndroidManifest.xml:57:13-60
activity#com.yalantis.ucrop.PictureMultiCuttingActivity
ADDED from [com.github.LuckSiege.PictureSelector:picture_library:v2.1.7] AndroidManifest.xml:60:9-63:72
	android:screenOrientation
		ADDED from [com.github.LuckSiege.PictureSelector:picture_library:v2.1.7] AndroidManifest.xml:62:13-49
	android:theme
		ADDED from [com.github.LuckSiege.PictureSelector:picture_library:v2.1.7] AndroidManifest.xml:63:13-69
	android:name